<?xml version="1.0" encoding="UTF-8"?>
<!-- Generated by org.testng.reporters.JUnitXMLReporter -->
<testsuite ignored="4" hostname="GarvitDevice" failures="2" tests="28" name="NotLoggedIn" time="249.66" errors="0" timestamp="2023-05-19T14:08:42 IST">
  <testcase classname="com.dotKonnekt.tests.BlogPageTest" name="BlogPage_BlogVideoVerification_dotFashion" time="14.962"/>
  <testcase classname="com.dotKonnekt.tests.BlogPageTest" name="BlogPage_BlogVideoVerification_dotFashion" time="12.971"/>
  <testcase classname="com.dotKonnekt.tests.BlogPageTest" name="BlogPage_BlogVideoVerification_dotFashion" time="8.968"/>
  <testcase classname="com.dotKonnekt.tests.BlogPageTest" name="BlogPage_BreadCrumbVerification_dotFashion" time="7.266"/>
  <testcase classname="com.dotKonnekt.tests.BlogPageTest" name="BlogPage_CartFucntionalityVerification_dotFashion" time="5.597"/>
  <testcase classname="com.dotKonnekt.tests.BlogPageTest" name="BlogPage_CategoryHeaderElements_dotFashion" time="3.398"/>
  <testcase classname="com.dotKonnekt.tests.BlogPageTest" name="BlogPage_Image_dotFashion" time="5.454"/>
  <testcase classname="com.dotKonnekt.tests.BlogPageTest" name="BlogPage_LogoFunctionalityVerification_dotFashion" time="4.905"/>
  <testcase classname="com.dotKonnekt.tests.BlogPageTest" name="BlogPage_PageHeaderVerification_dotFashion" time="6.61"/>
  <testcase classname="com.dotKonnekt.tests.BlogPageTest" name="BlogPage_PageHeaderVerification_dotFashion" time="6.5"/>
  <testcase classname="com.dotKonnekt.tests.BlogPageTest" name="BlogPage_PageHeaderVerification_dotFashion" time="6.54"/>
  <testcase classname="com.dotKonnekt.tests.BlogPageTest" name="BlogPage_PageLoadtime" time="3.278"/>
  <testcase classname="com.dotKonnekt.tests.BlogPageTest" name="BlogPage_ProductQuickviewVerification_dotFashion" time="13.156"/>
  <testcase classname="com.dotKonnekt.tests.BlogPageTest" name="BlogPage_ProductTilesVerification_dotFashion" time="65.079">
    <failure type="java.lang.AssertionError" message="The following asserts failed:
	-4 Actual Prices are not present  expected [true] but found [false],
	-4 Wishlist icon are not present  expected [true] but found [false]">
      <![CDATA[java.lang.AssertionError: The following asserts failed:
-4 Actual Prices are not present  expected [true] but found [false],
-4 Wishlist icon are not present  expected [true] but found [false]
at com.dotKonnekt.pages.BlogPage.productImageVerification(BlogPage.java:247)
at com.dotKonnekt.tests.BlogPageTest.BlogPage_ProductTilesVerification_dotFashion(BlogPageTest.java:231)
at java.base/java.util.ArrayList.forEach(ArrayList.java:1511)
... Removed 29 stack frames]]>
    </failure>
  </testcase> <!-- BlogPage_ProductTilesVerification_dotFashion -->
  <testcase classname="com.dotKonnekt.tests.BlogPageTest" name="BlogPage_ProductWishlistVerification_dotFashion" time="4.358"/>
  <testcase classname="com.dotKonnekt.tests.BlogPageTest" name="BlogPage_SearchFucntionalityVerification_dotFashion" time="4.184"/>
  <testcase classname="com.dotKonnekt.tests.BlogPageTest" name="BlogPage_ShareIconFunctionality_dotFashion" time="4.999"/>
  <testcase classname="com.dotKonnekt.tests.BlogPageTest" name="BlogPage_TitleVerification_dotFashion" time="2.893"/>
  <testcase classname="com.dotKonnekt.tests.BlogPageTest" name="BlogPage_UserFunctionalityVerification_dotFashion" time="5.272"/>
  <testcase classname="com.dotKonnekt.tests.BlogPageTest" name="BlogPage_addCommentVerification_dotFashion" time="6.594"/>
  <testcase classname="com.dotKonnekt.tests.BlogPageTest" name="BlogPage_askOurExpertSection" time="13.062">
    <failure type="org.openqa.selenium.NoSuchElementException" message="no such element: Unable to locate element: {&amp;quot;method&amp;quot;:&amp;quot;css selector&amp;quot;,&amp;quot;selector&amp;quot;:&amp;quot;#sg\-askExpertH2Bold&amp;quot;}
  (Session info: chrome=113.0.5672.93)
For documentation on this error, please visit: https://selenium.dev/exceptions/#no_such_element
Build info: version: &amp;apos;4.9.0&amp;apos;, revision: &amp;apos;d7057100a6&amp;apos;
System info: os.name: &amp;apos;Windows 11&amp;apos;, os.arch: &amp;apos;amd64&amp;apos;, os.version: &amp;apos;10.0&amp;apos;, java.version: &amp;apos;17.0.6&amp;apos;
Driver info: org.openqa.selenium.chrome.ChromeDriver
Command: [5779d291d3ea114ca6b72b60f073d16c, findElement {using=id, value=sg-askExpertH2Bold}]
Capabilities {acceptInsecureCerts: false, browserName: chrome, browserVersion: 113.0.5672.93, chrome: {chromedriverVersion: 113.0.5672.63 (0e1a4471d5ae..., userDataDir: C:\Users\garvi\AppData\Loca...}, goog:chromeOptions: {debuggerAddress: localhost:53888}, networkConnectionEnabled: false, pageLoadStrategy: normal, platformName: WINDOWS, proxy: Proxy(), se:cdp: ws://localhost:53888/devtoo..., se:cdpVersion: 113.0.5672.93, setWindowRect: true, strictFileInteractability: false, timeouts: {implicit: 0, pageLoad: 300000, script: 30000}, unhandledPromptBehavior: dismiss and notify, webauthn:extension:credBlob: true, webauthn:extension:largeBlob: true, webauthn:extension:minPinLength: true, webauthn:extension:prf: true, webauthn:virtualAuthenticators: true}
Session ID: 5779d291d3ea114ca6b72b60f073d16c">
      <![CDATA[org.openqa.selenium.NoSuchElementException: no such element: Unable to locate element: {"method":"css selector","selector":"#sg\-askExpertH2Bold"}
  (Session info: chrome=113.0.5672.93)
For documentation on this error, please visit: https://selenium.dev/exceptions/#no_such_element
Build info: version: '4.9.0', revision: 'd7057100a6'
System info: os.name: 'Windows 11', os.arch: 'amd64', os.version: '10.0', java.version: '17.0.6'
Driver info: org.openqa.selenium.chrome.ChromeDriver
Command: [5779d291d3ea114ca6b72b60f073d16c, findElement {using=id, value=sg-askExpertH2Bold}]
Capabilities {acceptInsecureCerts: false, browserName: chrome, browserVersion: 113.0.5672.93, chrome: {chromedriverVersion: 113.0.5672.63 (0e1a4471d5ae..., userDataDir: C:\Users\garvi\AppData\Loca...}, goog:chromeOptions: {debuggerAddress: localhost:53888}, networkConnectionEnabled: false, pageLoadStrategy: normal, platformName: WINDOWS, proxy: Proxy(), se:cdp: ws://localhost:53888/devtoo..., se:cdpVersion: 113.0.5672.93, setWindowRect: true, strictFileInteractability: false, timeouts: {implicit: 0, pageLoad: 300000, script: 30000}, unhandledPromptBehavior: dismiss and notify, webauthn:extension:credBlob: true, webauthn:extension:largeBlob: true, webauthn:extension:minPinLength: true, webauthn:extension:prf: true, webauthn:virtualAuthenticators: true}
Session ID: 5779d291d3ea114ca6b72b60f073d16c
at org.openqa.selenium.remote.codec.w3c.W3CHttpResponseCodec.createException(W3CHttpResponseCodec.java:200)
at org.openqa.selenium.remote.codec.w3c.W3CHttpResponseCodec.decode(W3CHttpResponseCodec.java:133)
at org.openqa.selenium.remote.codec.w3c.W3CHttpResponseCodec.decode(W3CHttpResponseCodec.java:53)
at org.openqa.selenium.remote.HttpCommandExecutor.execute(HttpCommandExecutor.java:193)
at org.openqa.selenium.remote.service.DriverCommandExecutor.invokeExecute(DriverCommandExecutor.java:183)
at org.openqa.selenium.remote.service.DriverCommandExecutor.execute(DriverCommandExecutor.java:158)
at org.openqa.selenium.remote.RemoteWebDriver.execute(RemoteWebDriver.java:543)
at org.openqa.selenium.remote.ElementLocation$ElementFinder$2.findElement(ElementLocation.java:162)
at org.openqa.selenium.remote.ElementLocation.findElement(ElementLocation.java:66)
at org.openqa.selenium.remote.RemoteWebDriver.findElement(RemoteWebDriver.java:352)
at org.openqa.selenium.remote.RemoteWebDriver.findElement(RemoteWebDriver.java:344)
at com.dotKonnekt.pages.HomePage.askOurExpert(HomePage.java:249)
at com.dotKonnekt.tests.BlogPageTest.BlogPage_askOurExpertSection(BlogPageTest.java:282)
at java.base/java.util.ArrayList.forEach(ArrayList.java:1511)
... Removed 32 stack frames]]>
    </failure>
  </testcase> <!-- BlogPage_askOurExpertSection -->
  <testcase classname="com.dotKonnekt.tests.BlogPageTest" name="BlogPage_authornameVerification_dotFashion" time="3.264"/>
  <testcase classname="com.dotKonnekt.tests.BlogPageTest" name="BlogPage_blogTitleVerification_dotFashion" time="3.143"/>
  <testcase classname="com.dotKonnekt.tests.BlogPageTest" name="BlogPage_bookMarkIconFunctionality_dotFashion" time="8.8"/>
  <testcase classname="com.dotKonnekt.tests.BlogPageTest" name="BlogPage_bookMarkIconFunctionality_dotFashion" time="8.506"/>
  <testcase classname="com.dotKonnekt.tests.BlogPageTest" name="BlogPage_bookMarkIconFunctionality_dotFashion" time="5.809"/>
  <testcase classname="com.dotKonnekt.tests.BlogPageTest" name="BlogPage_likeIconFunctionality1_dotFashion" time="5.3"/>
  <testcase classname="com.dotKonnekt.tests.BlogPageTest" name="BlogPage_tagsVerification_dotFashion" time="2.588"/>
  <testcase classname="com.dotKonnekt.tests.BlogPageTest" name="BlogPage_likeIconFunctionality_dotFashion" time="0.0">
    <ignored/>
  </testcase> <!-- BlogPage_likeIconFunctionality_dotFashion -->
  <testcase classname="com.dotKonnekt.tests.BlogPageTest" name="BlogPage_bookMarkIconFunctionalityLoggedIn_dotFashion" time="0.0">
    <ignored/>
  </testcase> <!-- BlogPage_bookMarkIconFunctionalityLoggedIn_dotFashion -->
  <testcase classname="com.dotKonnekt.tests.BlogPageTest" name="BlogPage_AddCommentinCommentSeection_dotFashion" time="0.0">
    <ignored/>
  </testcase> <!-- BlogPage_AddCommentinCommentSeection_dotFashion -->
  <testcase classname="com.dotKonnekt.tests.BlogPageTest" name="BlogPage_reportAbuseFunctionality_dotFashion" time="0.0">
    <ignored/>
  </testcase> <!-- BlogPage_reportAbuseFunctionality_dotFashion -->
</testsuite> <!-- NotLoggedIn -->
