<?xml version="1.0" encoding="UTF-8"?>
<!-- Generated by org.testng.reporters.JUnitReportReporter -->
<testsuite hostname="GarvitDevice" failures="1" tests="32" name="com.dotKonnekt.tests.BlogPageTest" time="246.559" errors="1" timestamp="2023-05-19T14:08:42 IST" skipped="4">
  <testcase classname="com.dotKonnekt.tests.BlogPageTest" name="BlogPage_blogTitleVerification_dotFashion" time="3.249"/>
  <system-out/>
  <testcase classname="com.dotKonnekt.tests.BlogPageTest" name="BlogPage_BreadCrumbVerification_dotFashion" time="7.375"/>
  <system-out/>
  <testcase classname="com.dotKonnekt.tests.BlogPageTest" name="BlogPage_ProductTilesVerification_dotFashion" time="65.182">
    <failure message="The following asserts failed:
	-4 Actual Prices are not present  expected [true] but found [false],
	-4 Wishlist icon are not present  expected [true] but found [false]" type="java.lang.AssertionError">
      <![CDATA[java.lang.AssertionError: The following asserts failed:
-4 Actual Prices are not present  expected [true] but found [false],
-4 Wishlist icon are not present  expected [true] but found [false]
at org.testng.asserts.SoftAssert.assertAll(SoftAssert.java:46)
at org.testng.asserts.SoftAssert.assertAll(SoftAssert.java:30)
at com.dotKonnekt.pages.BlogPage.productImageVerification(BlogPage.java:247)
at com.dotKonnekt.tests.BlogPageTest.BlogPage_ProductTilesVerification_dotFashion(BlogPageTest.java:231)
at java.base/jdk.internal.reflect.NativeMethodAccessorImpl.invoke0(Native Method)
at java.base/jdk.internal.reflect.NativeMethodAccessorImpl.invoke(NativeMethodAccessorImpl.java:77)
at java.base/jdk.internal.reflect.DelegatingMethodAccessorImpl.invoke(DelegatingMethodAccessorImpl.java:43)
at java.base/java.lang.reflect.Method.invoke(Method.java:568)
at org.testng.internal.invokers.MethodInvocationHelper.invokeMethod(MethodInvocationHelper.java:139)
at org.testng.internal.invokers.TestInvoker.invokeMethod(TestInvoker.java:677)
at org.testng.internal.invokers.TestInvoker.invokeTestMethod(TestInvoker.java:221)
at org.testng.internal.invokers.MethodRunner.runInSequence(MethodRunner.java:50)
at org.testng.internal.invokers.TestInvoker$MethodInvocationAgent.invoke(TestInvoker.java:969)
at org.testng.internal.invokers.TestInvoker.invokeTestMethods(TestInvoker.java:194)
at org.testng.internal.invokers.TestMethodWorker.invokeTestMethods(TestMethodWorker.java:148)
at org.testng.internal.invokers.TestMethodWorker.run(TestMethodWorker.java:128)
at java.base/java.util.ArrayList.forEach(ArrayList.java:1511)
at org.testng.TestRunner.privateRun(TestRunner.java:829)
at org.testng.TestRunner.run(TestRunner.java:602)
at org.testng.SuiteRunner.runTest(SuiteRunner.java:437)
at org.testng.SuiteRunner.runSequentially(SuiteRunner.java:431)
at org.testng.SuiteRunner.privateRun(SuiteRunner.java:391)
at org.testng.SuiteRunner.run(SuiteRunner.java:330)
at org.testng.SuiteRunnerWorker.runSuite(SuiteRunnerWorker.java:52)
at org.testng.SuiteRunnerWorker.run(SuiteRunnerWorker.java:95)
at org.testng.TestNG.runSuitesSequentially(TestNG.java:1256)
at org.testng.TestNG.runSuitesLocally(TestNG.java:1176)
at org.testng.TestNG.runSuites(TestNG.java:1099)
at org.testng.TestNG.run(TestNG.java:1067)
at org.testng.remote.AbstractRemoteTestNG.run(AbstractRemoteTestNG.java:115)
at org.testng.remote.RemoteTestNG.initAndRun(RemoteTestNG.java:251)
at org.testng.remote.RemoteTestNG.main(RemoteTestNG.java:77)
]]>
    </failure>
  </testcase> <!-- BlogPage_ProductTilesVerification_dotFashion -->
  <system-out/>
  <testcase classname="com.dotKonnekt.tests.BlogPageTest" name="BlogPage_likeIconFunctionality1_dotFashion" time="5.417"/>
  <system-out/>
  <testcase classname="com.dotKonnekt.tests.BlogPageTest" name="BlogPage_LogoFunctionalityVerification_dotFashion" time="5.010"/>
  <system-out/>
  <testcase classname="com.dotKonnekt.tests.BlogPageTest" name="BlogPage_addCommentVerification_dotFashion" time="6.703"/>
  <system-out/>
  <testcase classname="com.dotKonnekt.tests.BlogPageTest" name="BlogPage_Image_dotFashion" time="5.556"/>
  <system-out/>
  <testcase classname="com.dotKonnekt.tests.BlogPageTest" name="BlogPage_bookMarkIconFunctionality_dotFashion" time="5.905"/>
  <system-out/>
  <testcase classname="com.dotKonnekt.tests.BlogPageTest" name="BlogPage_BlogVideoVerification_dotFashion" time="9.074"/>
  <system-out/>
  <testcase classname="com.dotKonnekt.tests.BlogPageTest" name="BlogPage_PageHeaderVerification_dotFashion" time="6.718"/>
  <system-out/>
  <testcase classname="com.dotKonnekt.tests.BlogPageTest" name="BlogPage_PageHeaderVerification_dotFashion" time="6.593"/>
  <system-out/>
  <testcase classname="com.dotKonnekt.tests.BlogPageTest" name="BlogPage_bookMarkIconFunctionality_dotFashion" time="8.926"/>
  <system-out/>
  <testcase classname="com.dotKonnekt.tests.BlogPageTest" name="BlogPage_PageHeaderVerification_dotFashion" time="6.633"/>
  <system-out/>
  <testcase classname="com.dotKonnekt.tests.BlogPageTest" name="BlogPage_TitleVerification_dotFashion" time="2.990"/>
  <system-out/>
  <testcase classname="com.dotKonnekt.tests.BlogPageTest" name="BlogPage_askOurExpertSection" time="13.169">
    <error message="no such element: Unable to locate element: {&quot;method&quot;:&quot;css selector&quot;,&quot;selector&quot;:&quot;#sg\-askExpertH2Bold&quot;}
  (Session info: chrome=113.0.5672.93)
For documentation on this error, please visit: https://selenium.dev/exceptions/#no_such_element
Build info: version: &#039;4.9.0&#039;, revision: &#039;d7057100a6&#039;
System info: os.name: &#039;Windows 11&#039;, os.arch: &#039;amd64&#039;, os.version: &#039;10.0&#039;, java.version: &#039;17.0.6&#039;
Driver info: org.openqa.selenium.chrome.ChromeDriver
Command: [5779d291d3ea114ca6b72b60f073d16c, findElement {using=id, value=sg-askExpertH2Bold}]
Capabilities {acceptInsecureCerts: false, browserName: chrome, browserVersion: 113.0.5672.93, chrome: {chromedriverVersion: 113.0.5672.63 (0e1a4471d5ae..., userDataDir: C:\Users\garvi\AppData\Loca...}, goog:chromeOptions: {debuggerAddress: localhost:53888}, networkConnectionEnabled: false, pageLoadStrategy: normal, platformName: WINDOWS, proxy: Proxy(), se:cdp: ws://localhost:53888/devtoo..., se:cdpVersion: 113.0.5672.93, setWindowRect: true, strictFileInteractability: false, timeouts: {implicit: 0, pageLoad: 300000, script: 30000}, unhandledPromptBehavior: dismiss and notify, webauthn:extension:credBlob: true, webauthn:extension:largeBlob: true, webauthn:extension:minPinLength: true, webauthn:extension:prf: true, webauthn:virtualAuthenticators: true}
Session ID: 5779d291d3ea114ca6b72b60f073d16c" type="org.openqa.selenium.NoSuchElementException">
      <![CDATA[org.openqa.selenium.NoSuchElementException: no such element: Unable to locate element: {"method":"css selector","selector":"#sg\-askExpertH2Bold"}
  (Session info: chrome=113.0.5672.93)
For documentation on this error, please visit: https://selenium.dev/exceptions/#no_such_element
Build info: version: '4.9.0', revision: 'd7057100a6'
System info: os.name: 'Windows 11', os.arch: 'amd64', os.version: '10.0', java.version: '17.0.6'
Driver info: org.openqa.selenium.chrome.ChromeDriver
Command: [5779d291d3ea114ca6b72b60f073d16c, findElement {using=id, value=sg-askExpertH2Bold}]
Capabilities {acceptInsecureCerts: false, browserName: chrome, browserVersion: 113.0.5672.93, chrome: {chromedriverVersion: 113.0.5672.63 (0e1a4471d5ae..., userDataDir: C:\Users\garvi\AppData\Loca...}, goog:chromeOptions: {debuggerAddress: localhost:53888}, networkConnectionEnabled: false, pageLoadStrategy: normal, platformName: WINDOWS, proxy: Proxy(), se:cdp: ws://localhost:53888/devtoo..., se:cdpVersion: 113.0.5672.93, setWindowRect: true, strictFileInteractability: false, timeouts: {implicit: 0, pageLoad: 300000, script: 30000}, unhandledPromptBehavior: dismiss and notify, webauthn:extension:credBlob: true, webauthn:extension:largeBlob: true, webauthn:extension:minPinLength: true, webauthn:extension:prf: true, webauthn:virtualAuthenticators: true}
Session ID: 5779d291d3ea114ca6b72b60f073d16c
at java.base/jdk.internal.reflect.NativeConstructorAccessorImpl.newInstance0(Native Method)
at java.base/jdk.internal.reflect.NativeConstructorAccessorImpl.newInstance(NativeConstructorAccessorImpl.java:77)
at java.base/jdk.internal.reflect.DelegatingConstructorAccessorImpl.newInstance(DelegatingConstructorAccessorImpl.java:45)
at java.base/java.lang.reflect.Constructor.newInstanceWithCaller(Constructor.java:499)
at java.base/java.lang.reflect.Constructor.newInstance(Constructor.java:480)
at org.openqa.selenium.remote.codec.w3c.W3CHttpResponseCodec.createException(W3CHttpResponseCodec.java:200)
at org.openqa.selenium.remote.codec.w3c.W3CHttpResponseCodec.decode(W3CHttpResponseCodec.java:133)
at org.openqa.selenium.remote.codec.w3c.W3CHttpResponseCodec.decode(W3CHttpResponseCodec.java:53)
at org.openqa.selenium.remote.HttpCommandExecutor.execute(HttpCommandExecutor.java:193)
at org.openqa.selenium.remote.service.DriverCommandExecutor.invokeExecute(DriverCommandExecutor.java:183)
at org.openqa.selenium.remote.service.DriverCommandExecutor.execute(DriverCommandExecutor.java:158)
at org.openqa.selenium.remote.RemoteWebDriver.execute(RemoteWebDriver.java:543)
at org.openqa.selenium.remote.ElementLocation$ElementFinder$2.findElement(ElementLocation.java:162)
at org.openqa.selenium.remote.ElementLocation.findElement(ElementLocation.java:66)
at org.openqa.selenium.remote.RemoteWebDriver.findElement(RemoteWebDriver.java:352)
at org.openqa.selenium.remote.RemoteWebDriver.findElement(RemoteWebDriver.java:344)
at com.dotKonnekt.pages.HomePage.askOurExpert(HomePage.java:249)
at com.dotKonnekt.tests.BlogPageTest.BlogPage_askOurExpertSection(BlogPageTest.java:282)
at java.base/jdk.internal.reflect.NativeMethodAccessorImpl.invoke0(Native Method)
at java.base/jdk.internal.reflect.NativeMethodAccessorImpl.invoke(NativeMethodAccessorImpl.java:77)
at java.base/jdk.internal.reflect.DelegatingMethodAccessorImpl.invoke(DelegatingMethodAccessorImpl.java:43)
at java.base/java.lang.reflect.Method.invoke(Method.java:568)
at org.testng.internal.invokers.MethodInvocationHelper.invokeMethod(MethodInvocationHelper.java:139)
at org.testng.internal.invokers.TestInvoker.invokeMethod(TestInvoker.java:677)
at org.testng.internal.invokers.TestInvoker.invokeTestMethod(TestInvoker.java:221)
at org.testng.internal.invokers.MethodRunner.runInSequence(MethodRunner.java:50)
at org.testng.internal.invokers.TestInvoker$MethodInvocationAgent.invoke(TestInvoker.java:969)
at org.testng.internal.invokers.TestInvoker.invokeTestMethods(TestInvoker.java:194)
at org.testng.internal.invokers.TestMethodWorker.invokeTestMethods(TestMethodWorker.java:148)
at org.testng.internal.invokers.TestMethodWorker.run(TestMethodWorker.java:128)
at java.base/java.util.ArrayList.forEach(ArrayList.java:1511)
at org.testng.TestRunner.privateRun(TestRunner.java:829)
at org.testng.TestRunner.run(TestRunner.java:602)
at org.testng.SuiteRunner.runTest(SuiteRunner.java:437)
at org.testng.SuiteRunner.runSequentially(SuiteRunner.java:431)
at org.testng.SuiteRunner.privateRun(SuiteRunner.java:391)
at org.testng.SuiteRunner.run(SuiteRunner.java:330)
at org.testng.SuiteRunnerWorker.runSuite(SuiteRunnerWorker.java:52)
at org.testng.SuiteRunnerWorker.run(SuiteRunnerWorker.java:95)
at org.testng.TestNG.runSuitesSequentially(TestNG.java:1256)
at org.testng.TestNG.runSuitesLocally(TestNG.java:1176)
at org.testng.TestNG.runSuites(TestNG.java:1099)
at org.testng.TestNG.run(TestNG.java:1067)
at org.testng.remote.AbstractRemoteTestNG.run(AbstractRemoteTestNG.java:115)
at org.testng.remote.RemoteTestNG.initAndRun(RemoteTestNG.java:251)
at org.testng.remote.RemoteTestNG.main(RemoteTestNG.java:77)
]]>
    </error>
  </testcase> <!-- BlogPage_askOurExpertSection -->
  <system-out/>
  <testcase classname="com.dotKonnekt.tests.BlogPageTest" name="BlogPage_BlogVideoVerification_dotFashion" time="13.083"/>
  <system-out/>
  <testcase classname="com.dotKonnekt.tests.BlogPageTest" name="BlogPage_SearchFucntionalityVerification_dotFashion" time="4.283"/>
  <system-out/>
  <testcase classname="com.dotKonnekt.tests.BlogPageTest" name="BlogPage_tagsVerification_dotFashion" time="2.722"/>
  <system-out/>
  <testcase classname="com.dotKonnekt.tests.BlogPageTest" name="BlogPage_BlogVideoVerification_dotFashion" time="15.066"/>
  <system-out/>
  <testcase classname="com.dotKonnekt.tests.BlogPageTest" name="BlogPage_ProductQuickviewVerification_dotFashion" time="13.263"/>
  <system-out/>
  <testcase classname="com.dotKonnekt.tests.BlogPageTest" name="BlogPage_ProductWishlistVerification_dotFashion" time="4.528"/>
  <system-out/>
  <testcase classname="com.dotKonnekt.tests.BlogPageTest" name="BlogPage_authornameVerification_dotFashion" time="3.366"/>
  <system-out/>
  <testcase classname="com.dotKonnekt.tests.BlogPageTest" name="BlogPage_CategoryHeaderElements_dotFashion" time="3.523"/>
  <system-out/>
  <testcase classname="com.dotKonnekt.tests.BlogPageTest" name="BlogPage_UserFunctionalityVerification_dotFashion" time="5.389"/>
  <system-out/>
  <testcase classname="com.dotKonnekt.tests.BlogPageTest" name="BlogPage_CartFucntionalityVerification_dotFashion" time="5.717"/>
  <system-out/>
  <testcase classname="com.dotKonnekt.tests.BlogPageTest" name="BlogPage_ShareIconFunctionality_dotFashion" time="5.107"/>
  <system-out/>
  <testcase classname="com.dotKonnekt.tests.BlogPageTest" name="BlogPage_bookMarkIconFunctionality_dotFashion" time="8.631"/>
  <system-out/>
  <testcase classname="com.dotKonnekt.tests.BlogPageTest" name="BlogPage_PageLoadtime" time="3.381"/>
  <system-out/>
  <testcase classname="com.dotKonnekt.tests.BlogPageTest" name="BlogPage_likeIconFunctionality_dotFashion">
    <skipped/>
  </testcase> <!-- BlogPage_likeIconFunctionality_dotFashion -->
  <system-out/>
  <testcase classname="com.dotKonnekt.tests.BlogPageTest" name="BlogPage_bookMarkIconFunctionalityLoggedIn_dotFashion">
    <skipped/>
  </testcase> <!-- BlogPage_bookMarkIconFunctionalityLoggedIn_dotFashion -->
  <system-out/>
  <testcase classname="com.dotKonnekt.tests.BlogPageTest" name="BlogPage_AddCommentinCommentSeection_dotFashion">
    <skipped/>
  </testcase> <!-- BlogPage_AddCommentinCommentSeection_dotFashion -->
  <system-out/>
  <testcase classname="com.dotKonnekt.tests.BlogPageTest" name="BlogPage_reportAbuseFunctionality_dotFashion">
    <skipped/>
  </testcase> <!-- BlogPage_reportAbuseFunctionality_dotFashion -->
  <system-out/>
</testsuite> <!-- com.dotKonnekt.tests.BlogPageTest -->
